2023-08-14 00:21:28,263 - mmpose - INFO - Environment info:
------------------------------------------------------------
sys.platform: linux
Python: 3.8.10 (default, Jun  4 2021, 15:09:15) [GCC 7.5.0]
CUDA available: True
GPU 0: NVIDIA GeForce RTX 3090
CUDA_HOME: /usr/local/cuda
NVCC: Cuda compilation tools, release 11.8, V11.8.89
GCC: gcc (Ubuntu 9.4.0-1ubuntu1~20.04.1) 9.4.0
PyTorch: 2.0.0+cu118
PyTorch compiling details: PyTorch built with:
  - GCC 9.3
  - C++ Version: 201703
  - Intel(R) oneAPI Math Kernel Library Version 2022.2-Product Build 20220804 for Intel(R) 64 architecture applications
  - Intel(R) MKL-DNN v2.7.3 (Git Hash 6dbeffbae1f23cbbeae17adb7b5b13f1f37c080e)
  - OpenMP 201511 (a.k.a. OpenMP 4.5)
  - LAPACK is enabled (usually provided by MKL)
  - NNPACK is enabled
  - CPU capability usage: AVX2
  - CUDA Runtime 11.8
  - NVCC architecture flags: -gencode;arch=compute_37,code=sm_37;-gencode;arch=compute_50,code=sm_50;-gencode;arch=compute_60,code=sm_60;-gencode;arch=compute_70,code=sm_70;-gencode;arch=compute_75,code=sm_75;-gencode;arch=compute_80,code=sm_80;-gencode;arch=compute_86,code=sm_86;-gencode;arch=compute_90,code=sm_90
  - CuDNN 8.7
  - Magma 2.6.1
  - Build settings: BLAS_INFO=mkl, BUILD_TYPE=Release, CUDA_VERSION=11.8, CUDNN_VERSION=8.7.0, CXX_COMPILER=/opt/rh/devtoolset-9/root/usr/bin/c++, CXX_FLAGS= -D_GLIBCXX_USE_CXX11_ABI=0 -fabi-version=11 -Wno-deprecated -fvisibility-inlines-hidden -DUSE_PTHREADPOOL -DNDEBUG -DUSE_KINETO -DLIBKINETO_NOROCTRACER -DUSE_FBGEMM -DUSE_QNNPACK -DUSE_PYTORCH_QNNPACK -DUSE_XNNPACK -DSYMBOLICATE_MOBILE_DEBUG_HANDLE -O2 -fPIC -Wall -Wextra -Werror=return-type -Werror=non-virtual-dtor -Werror=bool-operation -Wnarrowing -Wno-missing-field-initializers -Wno-type-limits -Wno-array-bounds -Wno-unknown-pragmas -Wunused-local-typedefs -Wno-unused-parameter -Wno-unused-function -Wno-unused-result -Wno-strict-overflow -Wno-strict-aliasing -Wno-error=deprecated-declarations -Wno-stringop-overflow -Wno-psabi -Wno-error=pedantic -Wno-error=redundant-decls -Wno-error=old-style-cast -fdiagnostics-color=always -faligned-new -Wno-unused-but-set-variable -Wno-maybe-uninitialized -fno-math-errno -fno-trapping-math -Werror=format -Werror=cast-function-type -Wno-stringop-overflow, LAPACK_INFO=mkl, PERF_WITH_AVX=1, PERF_WITH_AVX2=1, PERF_WITH_AVX512=1, TORCH_DISABLE_GPU_ASSERTS=ON, TORCH_VERSION=2.0.0, USE_CUDA=ON, USE_CUDNN=ON, USE_EXCEPTION_PTR=1, USE_GFLAGS=OFF, USE_GLOG=OFF, USE_MKL=ON, USE_MKLDNN=ON, USE_MPI=OFF, USE_NCCL=1, USE_NNPACK=ON, USE_OPENMP=ON, USE_ROCM=OFF, 

TorchVision: 0.15.1+cu118
OpenCV: 4.8.0
MMCV: 1.7.0
MMCV Compiler: GCC 9.4
MMCV CUDA Compiler: 11.8
MMPose: 0.29.0+f6edcec
------------------------------------------------------------

2023-08-14 00:21:28,264 - mmpose - INFO - Distributed training: False
2023-08-14 00:21:33,669 - mmpose - INFO - Config:
checkpoint_config = dict(interval=10)
log_config = dict(interval=50, hooks=[dict(type='TextLoggerHook')])
log_level = 'INFO'
load_from = None
resume_from = None
dist_params = dict(backend='nccl')
workflow = [('train', 1)]
opencv_num_threads = 0
mp_start_method = 'fork'
dataset_info = dict(
    dataset_name='coco',
    paper_info=dict(
        author=
        'Lin, Tsung-Yi and Maire, Michael and Belongie, Serge and Hays, James and Perona, Pietro and Ramanan, Deva and Doll{\'a}r, Piotr and Zitnick, C Lawrence',
        title='Microsoft coco: Common objects in context',
        container='European conference on computer vision',
        year='2014',
        homepage='http://cocodataset.org/'),
    keypoint_info=dict({
        0:
        dict(name='nose', id=0, color=[51, 153, 255], type='upper', swap=''),
        1:
        dict(
            name='left_eye',
            id=1,
            color=[51, 153, 255],
            type='upper',
            swap='right_eye'),
        2:
        dict(
            name='right_eye',
            id=2,
            color=[51, 153, 255],
            type='upper',
            swap='left_eye'),
        3:
        dict(
            name='left_ear',
            id=3,
            color=[51, 153, 255],
            type='upper',
            swap='right_ear'),
        4:
        dict(
            name='right_ear',
            id=4,
            color=[51, 153, 255],
            type='upper',
            swap='left_ear'),
        5:
        dict(
            name='left_shoulder',
            id=5,
            color=[0, 255, 0],
            type='upper',
            swap='right_shoulder'),
        6:
        dict(
            name='right_shoulder',
            id=6,
            color=[255, 128, 0],
            type='upper',
            swap='left_shoulder'),
        7:
        dict(
            name='left_elbow',
            id=7,
            color=[0, 255, 0],
            type='upper',
            swap='right_elbow'),
        8:
        dict(
            name='right_elbow',
            id=8,
            color=[255, 128, 0],
            type='upper',
            swap='left_elbow'),
        9:
        dict(
            name='left_wrist',
            id=9,
            color=[0, 255, 0],
            type='upper',
            swap='right_wrist'),
        10:
        dict(
            name='right_wrist',
            id=10,
            color=[255, 128, 0],
            type='upper',
            swap='left_wrist'),
        11:
        dict(
            name='left_hip',
            id=11,
            color=[0, 255, 0],
            type='lower',
            swap='right_hip'),
        12:
        dict(
            name='right_hip',
            id=12,
            color=[255, 128, 0],
            type='lower',
            swap='left_hip'),
        13:
        dict(
            name='left_knee',
            id=13,
            color=[0, 255, 0],
            type='lower',
            swap='right_knee'),
        14:
        dict(
            name='right_knee',
            id=14,
            color=[255, 128, 0],
            type='lower',
            swap='left_knee'),
        15:
        dict(
            name='left_ankle',
            id=15,
            color=[0, 255, 0],
            type='lower',
            swap='right_ankle'),
        16:
        dict(
            name='right_ankle',
            id=16,
            color=[255, 128, 0],
            type='lower',
            swap='left_ankle')
    }),
    skeleton_info=dict({
        0:
        dict(link=('left_ankle', 'left_knee'), id=0, color=[0, 255, 0]),
        1:
        dict(link=('left_knee', 'left_hip'), id=1, color=[0, 255, 0]),
        2:
        dict(link=('right_ankle', 'right_knee'), id=2, color=[255, 128, 0]),
        3:
        dict(link=('right_knee', 'right_hip'), id=3, color=[255, 128, 0]),
        4:
        dict(link=('left_hip', 'right_hip'), id=4, color=[51, 153, 255]),
        5:
        dict(link=('left_shoulder', 'left_hip'), id=5, color=[51, 153, 255]),
        6:
        dict(link=('right_shoulder', 'right_hip'), id=6, color=[51, 153, 255]),
        7:
        dict(
            link=('left_shoulder', 'right_shoulder'),
            id=7,
            color=[51, 153, 255]),
        8:
        dict(link=('left_shoulder', 'left_elbow'), id=8, color=[0, 255, 0]),
        9:
        dict(
            link=('right_shoulder', 'right_elbow'), id=9, color=[255, 128, 0]),
        10:
        dict(link=('left_elbow', 'left_wrist'), id=10, color=[0, 255, 0]),
        11:
        dict(link=('right_elbow', 'right_wrist'), id=11, color=[255, 128, 0]),
        12:
        dict(link=('left_eye', 'right_eye'), id=12, color=[51, 153, 255]),
        13:
        dict(link=('nose', 'left_eye'), id=13, color=[51, 153, 255]),
        14:
        dict(link=('nose', 'right_eye'), id=14, color=[51, 153, 255]),
        15:
        dict(link=('left_eye', 'left_ear'), id=15, color=[51, 153, 255]),
        16:
        dict(link=('right_eye', 'right_ear'), id=16, color=[51, 153, 255]),
        17:
        dict(link=('left_ear', 'left_shoulder'), id=17, color=[51, 153, 255]),
        18:
        dict(
            link=('right_ear', 'right_shoulder'), id=18, color=[51, 153, 255])
    }),
    joint_weights=[
        1.0, 1.0, 1.0, 1.0, 1.0, 1.0, 1.0, 1.2, 1.2, 1.5, 1.5, 1.0, 1.0, 1.2,
        1.2, 1.5, 1.5
    ],
    sigmas=[
        0.026, 0.025, 0.025, 0.035, 0.035, 0.079, 0.079, 0.072, 0.072, 0.062,
        0.062, 0.107, 0.107, 0.087, 0.087, 0.089, 0.089
    ])
evaluation = dict(interval=10, metric='mAP', save_best='AP')
optimizer = dict(type='Adam', lr=0.0005)
optimizer_config = dict(grad_clip=None)
lr_config = dict(
    policy='step',
    warmup='linear',
    warmup_iters=500,
    warmup_ratio=0.001,
    step=[170, 200])
total_epochs = 210
channel_cfg = dict(
    num_output_channels=17,
    dataset_joints=17,
    dataset_channel=[[
        0, 1, 2, 3, 4, 5, 6, 7, 8, 9, 10, 11, 12, 13, 14, 15, 16
    ]],
    inference_channel=[
        0, 1, 2, 3, 4, 5, 6, 7, 8, 9, 10, 11, 12, 13, 14, 15, 16
    ])
model = None
use_gt_bbox = True
data_cfg = dict(
    image_size=[192, 256],
    heatmap_size=[192, 256],
    num_output_channels=17,
    num_joints=17,
    dataset_channel=[[
        0, 1, 2, 3, 4, 5, 6, 7, 8, 9, 10, 11, 12, 13, 14, 15, 16
    ]],
    inference_channel=[
        0, 1, 2, 3, 4, 5, 6, 7, 8, 9, 10, 11, 12, 13, 14, 15, 16
    ],
    soft_nms=False,
    nms_thr=1.0,
    oks_thr=0.9,
    vis_thr=0.2,
    use_gt_bbox=True,
    det_bbox_thr=0.0,
    bbox_file=
    '../../datasets/coco_pose/person_detection_results/COCO_val2017_detections_AP_H_56_person.json'
)
sigma = [1.5, 3]
aug_idx = 0
train_pipeline = [
    dict(type='LoadImageFromFile'),
    dict(type='TopDownGetBboxCenterScale', padding=1.25),
    dict(type='TopDownRandomFlip', flip_prob=0),
    dict(type='TopDownAffine'),
    dict(
        type='TopDownGenerateTargetCustom',
        sigma=[1.5, 3],
        use_gt_bbox=True,
        dir_name='train_256x192_aug0',
        target_path='../../datasets/coco_pose/data_pair'),
    dict(
        type='Collect',
        keys=['img', 'target', 'target_weight'],
        meta_keys=[
            'image_file', 'joints_3d', 'joints_3d_visible', 'center', 'scale',
            'rotation', 'bbox_score', 'flip_pairs'
        ])
]
val_pipeline = [
    dict(type='LoadImageFromFile'),
    dict(type='TopDownGetBboxCenterScale', padding=1.25),
    dict(type='TopDownAffine'),
    dict(
        type='TopDownGenerateTargetCustom',
        sigma=[1.5, 3],
        use_gt_bbox=True,
        dir_name='val_256x192',
        target_path='../../datasets/coco_pose/data_pair'),
    dict(
        type='Collect',
        keys=['img'],
        meta_keys=[
            'image_file', 'center', 'scale', 'rotation', 'bbox_score',
            'flip_pairs'
        ])
]
test_pipeline = [
    dict(type='LoadImageFromFile'),
    dict(type='TopDownGetBboxCenterScale', padding=1.25),
    dict(type='TopDownAffine'),
    dict(
        type='TopDownGenerateTargetCustom',
        sigma=[1.5, 3],
        use_gt_bbox=True,
        dir_name='val_256x192',
        target_path='../../datasets/coco_pose/data_pair'),
    dict(
        type='Collect',
        keys=['img'],
        meta_keys=[
            'image_file', 'center', 'scale', 'rotation', 'bbox_score',
            'flip_pairs'
        ])
]
data_root = '../../datasets/coco'
data = dict(
    samples_per_gpu=32,
    workers_per_gpu=8,
    val_dataloader=dict(samples_per_gpu=32),
    test_dataloader=dict(samples_per_gpu=32),
    load_data_only=True,
    train=dict(
        type='TopDownCocoDatasetCustom',
        ann_file=
        '../../datasets/coco/annotations/person_keypoints_train2017.json',
        img_prefix='../../datasets/coco/train2017/',
        data_cfg=dict(
            image_size=[192, 256],
            heatmap_size=[192, 256],
            num_output_channels=17,
            num_joints=17,
            dataset_channel=[[
                0, 1, 2, 3, 4, 5, 6, 7, 8, 9, 10, 11, 12, 13, 14, 15, 16
            ]],
            inference_channel=[
                0, 1, 2, 3, 4, 5, 6, 7, 8, 9, 10, 11, 12, 13, 14, 15, 16
            ],
            soft_nms=False,
            nms_thr=1.0,
            oks_thr=0.9,
            vis_thr=0.2,
            use_gt_bbox=True,
            det_bbox_thr=0.0,
            bbox_file=
            '../../datasets/coco_pose/person_detection_results/COCO_val2017_detections_AP_H_56_person.json'
        ),
        pipeline=[
            dict(type='LoadImageFromFile'),
            dict(type='TopDownGetBboxCenterScale', padding=1.25),
            dict(type='TopDownRandomFlip', flip_prob=0),
            dict(type='TopDownAffine'),
            dict(
                type='TopDownGenerateTargetCustom',
                sigma=[1.5, 3],
                use_gt_bbox=True,
                dir_name='train_256x192_aug0',
                target_path='../../datasets/coco_pose/data_pair'),
            dict(
                type='Collect',
                keys=['img', 'target', 'target_weight'],
                meta_keys=[
                    'image_file', 'joints_3d', 'joints_3d_visible', 'center',
                    'scale', 'rotation', 'bbox_score', 'flip_pairs'
                ])
        ],
        dataset_info=dict(
            dataset_name='coco',
            paper_info=dict(
                author=
                'Lin, Tsung-Yi and Maire, Michael and Belongie, Serge and Hays, James and Perona, Pietro and Ramanan, Deva and Doll{\'a}r, Piotr and Zitnick, C Lawrence',
                title='Microsoft coco: Common objects in context',
                container='European conference on computer vision',
                year='2014',
                homepage='http://cocodataset.org/'),
            keypoint_info=dict({
                0:
                dict(
                    name='nose',
                    id=0,
                    color=[51, 153, 255],
                    type='upper',
                    swap=''),
                1:
                dict(
                    name='left_eye',
                    id=1,
                    color=[51, 153, 255],
                    type='upper',
                    swap='right_eye'),
                2:
                dict(
                    name='right_eye',
                    id=2,
                    color=[51, 153, 255],
                    type='upper',
                    swap='left_eye'),
                3:
                dict(
                    name='left_ear',
                    id=3,
                    color=[51, 153, 255],
                    type='upper',
                    swap='right_ear'),
                4:
                dict(
                    name='right_ear',
                    id=4,
                    color=[51, 153, 255],
                    type='upper',
                    swap='left_ear'),
                5:
                dict(
                    name='left_shoulder',
                    id=5,
                    color=[0, 255, 0],
                    type='upper',
                    swap='right_shoulder'),
                6:
                dict(
                    name='right_shoulder',
                    id=6,
                    color=[255, 128, 0],
                    type='upper',
                    swap='left_shoulder'),
                7:
                dict(
                    name='left_elbow',
                    id=7,
                    color=[0, 255, 0],
                    type='upper',
                    swap='right_elbow'),
                8:
                dict(
                    name='right_elbow',
                    id=8,
                    color=[255, 128, 0],
                    type='upper',
                    swap='left_elbow'),
                9:
                dict(
                    name='left_wrist',
                    id=9,
                    color=[0, 255, 0],
                    type='upper',
                    swap='right_wrist'),
                10:
                dict(
                    name='right_wrist',
                    id=10,
                    color=[255, 128, 0],
                    type='upper',
                    swap='left_wrist'),
                11:
                dict(
                    name='left_hip',
                    id=11,
                    color=[0, 255, 0],
                    type='lower',
                    swap='right_hip'),
                12:
                dict(
                    name='right_hip',
                    id=12,
                    color=[255, 128, 0],
                    type='lower',
                    swap='left_hip'),
                13:
                dict(
                    name='left_knee',
                    id=13,
                    color=[0, 255, 0],
                    type='lower',
                    swap='right_knee'),
                14:
                dict(
                    name='right_knee',
                    id=14,
                    color=[255, 128, 0],
                    type='lower',
                    swap='left_knee'),
                15:
                dict(
                    name='left_ankle',
                    id=15,
                    color=[0, 255, 0],
                    type='lower',
                    swap='right_ankle'),
                16:
                dict(
                    name='right_ankle',
                    id=16,
                    color=[255, 128, 0],
                    type='lower',
                    swap='left_ankle')
            }),
            skeleton_info=dict({
                0:
                dict(
                    link=('left_ankle', 'left_knee'), id=0, color=[0, 255, 0]),
                1:
                dict(link=('left_knee', 'left_hip'), id=1, color=[0, 255, 0]),
                2:
                dict(
                    link=('right_ankle', 'right_knee'),
                    id=2,
                    color=[255, 128, 0]),
                3:
                dict(
                    link=('right_knee', 'right_hip'),
                    id=3,
                    color=[255, 128, 0]),
                4:
                dict(
                    link=('left_hip', 'right_hip'), id=4, color=[51, 153,
                                                                 255]),
                5:
                dict(
                    link=('left_shoulder', 'left_hip'),
                    id=5,
                    color=[51, 153, 255]),
                6:
                dict(
                    link=('right_shoulder', 'right_hip'),
                    id=6,
                    color=[51, 153, 255]),
                7:
                dict(
                    link=('left_shoulder', 'right_shoulder'),
                    id=7,
                    color=[51, 153, 255]),
                8:
                dict(
                    link=('left_shoulder', 'left_elbow'),
                    id=8,
                    color=[0, 255, 0]),
                9:
                dict(
                    link=('right_shoulder', 'right_elbow'),
                    id=9,
                    color=[255, 128, 0]),
                10:
                dict(
                    link=('left_elbow', 'left_wrist'),
                    id=10,
                    color=[0, 255, 0]),
                11:
                dict(
                    link=('right_elbow', 'right_wrist'),
                    id=11,
                    color=[255, 128, 0]),
                12:
                dict(
                    link=('left_eye', 'right_eye'),
                    id=12,
                    color=[51, 153, 255]),
                13:
                dict(link=('nose', 'left_eye'), id=13, color=[51, 153, 255]),
                14:
                dict(link=('nose', 'right_eye'), id=14, color=[51, 153, 255]),
                15:
                dict(
                    link=('left_eye', 'left_ear'), id=15, color=[51, 153,
                                                                 255]),
                16:
                dict(
                    link=('right_eye', 'right_ear'),
                    id=16,
                    color=[51, 153, 255]),
                17:
                dict(
                    link=('left_ear', 'left_shoulder'),
                    id=17,
                    color=[51, 153, 255]),
                18:
                dict(
                    link=('right_ear', 'right_shoulder'),
                    id=18,
                    color=[51, 153, 255])
            }),
            joint_weights=[
                1.0, 1.0, 1.0, 1.0, 1.0, 1.0, 1.0, 1.2, 1.2, 1.5, 1.5, 1.0,
                1.0, 1.2, 1.2, 1.5, 1.5
            ],
            sigmas=[
                0.026, 0.025, 0.025, 0.035, 0.035, 0.079, 0.079, 0.072, 0.072,
                0.062, 0.062, 0.107, 0.107, 0.087, 0.087, 0.089, 0.089
            ])),
    val=dict(
        type='TopDownCocoDatasetCustom',
        ann_file=
        '../../datasets/coco/annotations/person_keypoints_val2017.json',
        img_prefix='../../datasets/coco/val2017/',
        data_cfg=dict(
            image_size=[192, 256],
            heatmap_size=[192, 256],
            num_output_channels=17,
            num_joints=17,
            dataset_channel=[[
                0, 1, 2, 3, 4, 5, 6, 7, 8, 9, 10, 11, 12, 13, 14, 15, 16
            ]],
            inference_channel=[
                0, 1, 2, 3, 4, 5, 6, 7, 8, 9, 10, 11, 12, 13, 14, 15, 16
            ],
            soft_nms=False,
            nms_thr=1.0,
            oks_thr=0.9,
            vis_thr=0.2,
            use_gt_bbox=True,
            det_bbox_thr=0.0,
            bbox_file=
            '../../datasets/coco_pose/person_detection_results/COCO_val2017_detections_AP_H_56_person.json'
        ),
        pipeline=[
            dict(type='LoadImageFromFile'),
            dict(type='TopDownGetBboxCenterScale', padding=1.25),
            dict(type='TopDownAffine'),
            dict(
                type='TopDownGenerateTargetCustom',
                sigma=[1.5, 3],
                use_gt_bbox=True,
                dir_name='val_256x192',
                target_path='../../datasets/coco_pose/data_pair'),
            dict(
                type='Collect',
                keys=['img'],
                meta_keys=[
                    'image_file', 'center', 'scale', 'rotation', 'bbox_score',
                    'flip_pairs'
                ])
        ],
        dataset_info=dict(
            dataset_name='coco',
            paper_info=dict(
                author=
                'Lin, Tsung-Yi and Maire, Michael and Belongie, Serge and Hays, James and Perona, Pietro and Ramanan, Deva and Doll{\'a}r, Piotr and Zitnick, C Lawrence',
                title='Microsoft coco: Common objects in context',
                container='European conference on computer vision',
                year='2014',
                homepage='http://cocodataset.org/'),
            keypoint_info=dict({
                0:
                dict(
                    name='nose',
                    id=0,
                    color=[51, 153, 255],
                    type='upper',
                    swap=''),
                1:
                dict(
                    name='left_eye',
                    id=1,
                    color=[51, 153, 255],
                    type='upper',
                    swap='right_eye'),
                2:
                dict(
                    name='right_eye',
                    id=2,
                    color=[51, 153, 255],
                    type='upper',
                    swap='left_eye'),
                3:
                dict(
                    name='left_ear',
                    id=3,
                    color=[51, 153, 255],
                    type='upper',
                    swap='right_ear'),
                4:
                dict(
                    name='right_ear',
                    id=4,
                    color=[51, 153, 255],
                    type='upper',
                    swap='left_ear'),
                5:
                dict(
                    name='left_shoulder',
                    id=5,
                    color=[0, 255, 0],
                    type='upper',
                    swap='right_shoulder'),
                6:
                dict(
                    name='right_shoulder',
                    id=6,
                    color=[255, 128, 0],
                    type='upper',
                    swap='left_shoulder'),
                7:
                dict(
                    name='left_elbow',
                    id=7,
                    color=[0, 255, 0],
                    type='upper',
                    swap='right_elbow'),
                8:
                dict(
                    name='right_elbow',
                    id=8,
                    color=[255, 128, 0],
                    type='upper',
                    swap='left_elbow'),
                9:
                dict(
                    name='left_wrist',
                    id=9,
                    color=[0, 255, 0],
                    type='upper',
                    swap='right_wrist'),
                10:
                dict(
                    name='right_wrist',
                    id=10,
                    color=[255, 128, 0],
                    type='upper',
                    swap='left_wrist'),
                11:
                dict(
                    name='left_hip',
                    id=11,
                    color=[0, 255, 0],
                    type='lower',
                    swap='right_hip'),
                12:
                dict(
                    name='right_hip',
                    id=12,
                    color=[255, 128, 0],
                    type='lower',
                    swap='left_hip'),
                13:
                dict(
                    name='left_knee',
                    id=13,
                    color=[0, 255, 0],
                    type='lower',
                    swap='right_knee'),
                14:
                dict(
                    name='right_knee',
                    id=14,
                    color=[255, 128, 0],
                    type='lower',
                    swap='left_knee'),
                15:
                dict(
                    name='left_ankle',
                    id=15,
                    color=[0, 255, 0],
                    type='lower',
                    swap='right_ankle'),
                16:
                dict(
                    name='right_ankle',
                    id=16,
                    color=[255, 128, 0],
                    type='lower',
                    swap='left_ankle')
            }),
            skeleton_info=dict({
                0:
                dict(
                    link=('left_ankle', 'left_knee'), id=0, color=[0, 255, 0]),
                1:
                dict(link=('left_knee', 'left_hip'), id=1, color=[0, 255, 0]),
                2:
                dict(
                    link=('right_ankle', 'right_knee'),
                    id=2,
                    color=[255, 128, 0]),
                3:
                dict(
                    link=('right_knee', 'right_hip'),
                    id=3,
                    color=[255, 128, 0]),
                4:
                dict(
                    link=('left_hip', 'right_hip'), id=4, color=[51, 153,
                                                                 255]),
                5:
                dict(
                    link=('left_shoulder', 'left_hip'),
                    id=5,
                    color=[51, 153, 255]),
                6:
                dict(
                    link=('right_shoulder', 'right_hip'),
                    id=6,
                    color=[51, 153, 255]),
                7:
                dict(
                    link=('left_shoulder', 'right_shoulder'),
                    id=7,
                    color=[51, 153, 255]),
                8:
                dict(
                    link=('left_shoulder', 'left_elbow'),
                    id=8,
                    color=[0, 255, 0]),
                9:
                dict(
                    link=('right_shoulder', 'right_elbow'),
                    id=9,
                    color=[255, 128, 0]),
                10:
                dict(
                    link=('left_elbow', 'left_wrist'),
                    id=10,
                    color=[0, 255, 0]),
                11:
                dict(
                    link=('right_elbow', 'right_wrist'),
                    id=11,
                    color=[255, 128, 0]),
                12:
                dict(
                    link=('left_eye', 'right_eye'),
                    id=12,
                    color=[51, 153, 255]),
                13:
                dict(link=('nose', 'left_eye'), id=13, color=[51, 153, 255]),
                14:
                dict(link=('nose', 'right_eye'), id=14, color=[51, 153, 255]),
                15:
                dict(
                    link=('left_eye', 'left_ear'), id=15, color=[51, 153,
                                                                 255]),
                16:
                dict(
                    link=('right_eye', 'right_ear'),
                    id=16,
                    color=[51, 153, 255]),
                17:
                dict(
                    link=('left_ear', 'left_shoulder'),
                    id=17,
                    color=[51, 153, 255]),
                18:
                dict(
                    link=('right_ear', 'right_shoulder'),
                    id=18,
                    color=[51, 153, 255])
            }),
            joint_weights=[
                1.0, 1.0, 1.0, 1.0, 1.0, 1.0, 1.0, 1.2, 1.2, 1.5, 1.5, 1.0,
                1.0, 1.2, 1.2, 1.5, 1.5
            ],
            sigmas=[
                0.026, 0.025, 0.025, 0.035, 0.035, 0.079, 0.079, 0.072, 0.072,
                0.062, 0.062, 0.107, 0.107, 0.087, 0.087, 0.089, 0.089
            ])),
    test=dict(
        type='TopDownCocoDatasetCustom',
        ann_file=
        '../../datasets/coco/annotations/person_keypoints_val2017.json',
        img_prefix='../../datasets/coco/val2017/',
        data_cfg=dict(
            image_size=[192, 256],
            heatmap_size=[192, 256],
            num_output_channels=17,
            num_joints=17,
            dataset_channel=[[
                0, 1, 2, 3, 4, 5, 6, 7, 8, 9, 10, 11, 12, 13, 14, 15, 16
            ]],
            inference_channel=[
                0, 1, 2, 3, 4, 5, 6, 7, 8, 9, 10, 11, 12, 13, 14, 15, 16
            ],
            soft_nms=False,
            nms_thr=1.0,
            oks_thr=0.9,
            vis_thr=0.2,
            use_gt_bbox=True,
            det_bbox_thr=0.0,
            bbox_file=
            '../../datasets/coco_pose/person_detection_results/COCO_val2017_detections_AP_H_56_person.json'
        ),
        pipeline=[
            dict(type='LoadImageFromFile'),
            dict(type='TopDownGetBboxCenterScale', padding=1.25),
            dict(type='TopDownAffine'),
            dict(
                type='TopDownGenerateTargetCustom',
                sigma=[1.5, 3],
                use_gt_bbox=True,
                dir_name='val_256x192',
                target_path='../../datasets/coco_pose/data_pair'),
            dict(
                type='Collect',
                keys=['img'],
                meta_keys=[
                    'image_file', 'center', 'scale', 'rotation', 'bbox_score',
                    'flip_pairs'
                ])
        ],
        dataset_info=dict(
            dataset_name='coco',
            paper_info=dict(
                author=
                'Lin, Tsung-Yi and Maire, Michael and Belongie, Serge and Hays, James and Perona, Pietro and Ramanan, Deva and Doll{\'a}r, Piotr and Zitnick, C Lawrence',
                title='Microsoft coco: Common objects in context',
                container='European conference on computer vision',
                year='2014',
                homepage='http://cocodataset.org/'),
            keypoint_info=dict({
                0:
                dict(
                    name='nose',
                    id=0,
                    color=[51, 153, 255],
                    type='upper',
                    swap=''),
                1:
                dict(
                    name='left_eye',
                    id=1,
                    color=[51, 153, 255],
                    type='upper',
                    swap='right_eye'),
                2:
                dict(
                    name='right_eye',
                    id=2,
                    color=[51, 153, 255],
                    type='upper',
                    swap='left_eye'),
                3:
                dict(
                    name='left_ear',
                    id=3,
                    color=[51, 153, 255],
                    type='upper',
                    swap='right_ear'),
                4:
                dict(
                    name='right_ear',
                    id=4,
                    color=[51, 153, 255],
                    type='upper',
                    swap='left_ear'),
                5:
                dict(
                    name='left_shoulder',
                    id=5,
                    color=[0, 255, 0],
                    type='upper',
                    swap='right_shoulder'),
                6:
                dict(
                    name='right_shoulder',
                    id=6,
                    color=[255, 128, 0],
                    type='upper',
                    swap='left_shoulder'),
                7:
                dict(
                    name='left_elbow',
                    id=7,
                    color=[0, 255, 0],
                    type='upper',
                    swap='right_elbow'),
                8:
                dict(
                    name='right_elbow',
                    id=8,
                    color=[255, 128, 0],
                    type='upper',
                    swap='left_elbow'),
                9:
                dict(
                    name='left_wrist',
                    id=9,
                    color=[0, 255, 0],
                    type='upper',
                    swap='right_wrist'),
                10:
                dict(
                    name='right_wrist',
                    id=10,
                    color=[255, 128, 0],
                    type='upper',
                    swap='left_wrist'),
                11:
                dict(
                    name='left_hip',
                    id=11,
                    color=[0, 255, 0],
                    type='lower',
                    swap='right_hip'),
                12:
                dict(
                    name='right_hip',
                    id=12,
                    color=[255, 128, 0],
                    type='lower',
                    swap='left_hip'),
                13:
                dict(
                    name='left_knee',
                    id=13,
                    color=[0, 255, 0],
                    type='lower',
                    swap='right_knee'),
                14:
                dict(
                    name='right_knee',
                    id=14,
                    color=[255, 128, 0],
                    type='lower',
                    swap='left_knee'),
                15:
                dict(
                    name='left_ankle',
                    id=15,
                    color=[0, 255, 0],
                    type='lower',
                    swap='right_ankle'),
                16:
                dict(
                    name='right_ankle',
                    id=16,
                    color=[255, 128, 0],
                    type='lower',
                    swap='left_ankle')
            }),
            skeleton_info=dict({
                0:
                dict(
                    link=('left_ankle', 'left_knee'), id=0, color=[0, 255, 0]),
                1:
                dict(link=('left_knee', 'left_hip'), id=1, color=[0, 255, 0]),
                2:
                dict(
                    link=('right_ankle', 'right_knee'),
                    id=2,
                    color=[255, 128, 0]),
                3:
                dict(
                    link=('right_knee', 'right_hip'),
                    id=3,
                    color=[255, 128, 0]),
                4:
                dict(
                    link=('left_hip', 'right_hip'), id=4, color=[51, 153,
                                                                 255]),
                5:
                dict(
                    link=('left_shoulder', 'left_hip'),
                    id=5,
                    color=[51, 153, 255]),
                6:
                dict(
                    link=('right_shoulder', 'right_hip'),
                    id=6,
                    color=[51, 153, 255]),
                7:
                dict(
                    link=('left_shoulder', 'right_shoulder'),
                    id=7,
                    color=[51, 153, 255]),
                8:
                dict(
                    link=('left_shoulder', 'left_elbow'),
                    id=8,
                    color=[0, 255, 0]),
                9:
                dict(
                    link=('right_shoulder', 'right_elbow'),
                    id=9,
                    color=[255, 128, 0]),
                10:
                dict(
                    link=('left_elbow', 'left_wrist'),
                    id=10,
                    color=[0, 255, 0]),
                11:
                dict(
                    link=('right_elbow', 'right_wrist'),
                    id=11,
                    color=[255, 128, 0]),
                12:
                dict(
                    link=('left_eye', 'right_eye'),
                    id=12,
                    color=[51, 153, 255]),
                13:
                dict(link=('nose', 'left_eye'), id=13, color=[51, 153, 255]),
                14:
                dict(link=('nose', 'right_eye'), id=14, color=[51, 153, 255]),
                15:
                dict(
                    link=('left_eye', 'left_ear'), id=15, color=[51, 153,
                                                                 255]),
                16:
                dict(
                    link=('right_eye', 'right_ear'),
                    id=16,
                    color=[51, 153, 255]),
                17:
                dict(
                    link=('left_ear', 'left_shoulder'),
                    id=17,
                    color=[51, 153, 255]),
                18:
                dict(
                    link=('right_ear', 'right_shoulder'),
                    id=18,
                    color=[51, 153, 255])
            }),
            joint_weights=[
                1.0, 1.0, 1.0, 1.0, 1.0, 1.0, 1.0, 1.2, 1.2, 1.5, 1.5, 1.0,
                1.0, 1.2, 1.2, 1.5, 1.5
            ],
            sigmas=[
                0.026, 0.025, 0.025, 0.035, 0.035, 0.079, 0.079, 0.072, 0.072,
                0.062, 0.062, 0.107, 0.107, 0.087, 0.087, 0.089, 0.089
            ])))
custom_imports = dict(
    imports=[
        'model.top_down', 'data.topdown_coco_dataset',
        'data.pipelines.top_down_transform'
    ],
    allow_failed_imports=False)
work_dir = './work_dirs/coco_256x192_gendata'
gpu_ids = [0]

2023-08-14 00:21:33,670 - mmpose - INFO - Set random seed to 2033814262, deterministic: False
